<?xml version="1.0" encoding="UTF-8"?>
<testng-results skipped="0" failed="0" ignored="0" total="1" passed="1">
  <reporter-output>
  </reporter-output>
  <suite name="Default suite" duration-ms="44" started-at="2020-07-28T14:50:41Z" finished-at="2020-07-28T14:50:41Z">
    <groups>
    </groups>
    <test name="Default test" duration-ms="44" started-at="2020-07-28T14:50:41Z" finished-at="2020-07-28T14:50:41Z">
      <class name="testScripts.testScript1">
        <test-method status="PASS" signature="test001()[pri:0, instance:testScripts.testScript1@1593948d]" name="test001" duration-ms="11" started-at="2020-07-28T14:50:41Z" finished-at="2020-07-28T14:50:41Z">
          <reporter-output>
          </reporter-output>
        </test-method> <!-- test001 -->
      </class> <!-- testScripts.testScript1 -->
    </test> <!-- Default test -->
  </suite> <!-- Default suite -->
</testng-results>
